<?xml version="1.0" encoding="UTF-8" ?>
<testsuite tests="15" failures="0" name="TestSuite" time="9.607" errors="0" skipped="9">
  <properties>
    <property name="java.vendor" value="AdoptOpenJDK"/>
    <property name="JOB_NAME" value="DataDrivenLiveProject"/>
    <property name="PWD" value="/Users/ameeraj/Selenium"/>
    <property name="RUN_TESTS_DISPLAY_URL" value="http://localhost:8080/job/DataDrivenLiveProject/8/display/redirect?page=tests"/>
    <property name="sun.java.launcher" value="SUN_STANDARD"/>
    <property name="sun.management.compiler" value="HotSpot 64-Bit Tiered Compilers"/>
    <property name="JENKINS_HOME" value="/Users/ameeraj/.jenkins"/>
    <property name="PATH" value="/Library/Java/JavaVirtualMachines/adoptopenjdk-8.jdk/Contents/Home//bin:/Users/ameeraj/Selenium/apache-maven-3.6.3/bin:/Users/ameeraj/.pyenv/shims:/usr/local/bin:/usr/bin:/bin:/usr/sbin:/sbin"/>
    <property name="HUDSON_SERVER_COOKIE" value="f1b8943cb2ccb26c"/>
    <property name="POM_ARTIFACTID" value="DDFramework"/>
    <property name="os.name" value="Mac OS X"/>
    <property name="TERM_PROGRAM" value="Apple_Terminal"/>
    <property name="sun.boot.class.path" value="/Library/Java/JavaVirtualMachines/adoptopenjdk-8.jdk/Contents/Home/jre/lib/resources.jar:/Library/Java/JavaVirtualMachines/adoptopenjdk-8.jdk/Contents/Home/jre/lib/rt.jar:/Library/Java/JavaVirtualMachines/adoptopenjdk-8.jdk/Contents/Home/jre/lib/sunrsasign.jar:/Library/Java/JavaVirtualMachines/adoptopenjdk-8.jdk/Contents/Home/jre/lib/jsse.jar:/Library/Java/JavaVirtualMachines/adoptopenjdk-8.jdk/Contents/Home/jre/lib/jce.jar:/Library/Java/JavaVirtualMachines/adoptopenjdk-8.jdk/Contents/Home/jre/lib/charsets.jar:/Library/Java/JavaVirtualMachines/adoptopenjdk-8.jdk/Contents/Home/jre/lib/jfr.jar:/Library/Java/JavaVirtualMachines/adoptopenjdk-8.jdk/Contents/Home/jre/classes"/>
    <property name="EXECUTOR_NUMBER" value="1"/>
    <property name="TERM_SESSION_ID" value="5E7E79C2-EBDB-4A55-A2CA-654B84D50FD1"/>
    <property name="java.vm.specification.vendor" value="Oracle Corporation"/>
    <property name="POM_DISPLAYNAME" value="DDFramework"/>
    <property name="NODE_LABELS" value="master"/>
    <property name="java.runtime.version" value="1.8.0_265-b01"/>
    <property name="user.name" value="ameeraj"/>
    <property name="guice.disable.misplaced.annotation.check" value="true"/>
    <property name="SECURITYSESSIONID" value="186a8"/>
    <property name="user.language" value="en"/>
    <property name="JOB_BASE_NAME" value="DataDrivenLiveProject"/>
    <property name="RUN_CHANGES_DISPLAY_URL" value="http://localhost:8080/job/DataDrivenLiveProject/8/display/redirect?page=changes"/>
    <property name="BUILD_DISPLAY_NAME" value="#8"/>
    <property name="TMPDIR" value="/var/folders/0y/6tcmhkqx7nnf3g8kz8p5cnzw0000gq/T/"/>
    <property name="sun.boot.library.path" value="/Library/Java/JavaVirtualMachines/adoptopenjdk-8.jdk/Contents/Home/jre/lib"/>
    <property name="PYENV_SHELL" value="bash"/>
    <property name="java.version" value="1.8.0_265"/>
    <property name="XPC_FLAGS" value="0x0"/>
    <property name="user.timezone" value="Asia/Kolkata"/>
    <property name="sun.arch.data.model" value="64"/>
    <property name="NODE_NAME" value="master"/>
    <property name="TERM" value="xterm-256color"/>
    <property name="http.nonProxyHosts" value="local|*.local|169.254/16|*.169.254/16"/>
    <property name="java.endorsed.dirs" value="/Library/Java/JavaVirtualMachines/adoptopenjdk-8.jdk/Contents/Home/jre/lib/endorsed"/>
    <property name="BUILD_ID" value="8"/>
    <property name="sun.cpu.isalist" value=""/>
    <property name="sun.jnu.encoding" value="UTF-8"/>
    <property name="file.encoding.pkg" value="sun.io"/>
    <property name="SHELL" value="/bin/bash"/>
    <property name="file.separator" value="/"/>
    <property name="java.specification.name" value="Java Platform API Specification"/>
    <property name="maven.conf" value="/Users/ameeraj/Selenium/apache-maven-3.6.3/conf"/>
    <property name="java.class.version" value="52.0"/>
    <property name="org.slf4j.simpleLogger.defaultLogLevel" value="info"/>
    <property name="user.country" value="IN"/>
    <property name="java.home" value="/Library/Java/JavaVirtualMachines/adoptopenjdk-8.jdk/Contents/Home/jre"/>
    <property name="java.vm.info" value="mixed mode"/>
    <property name="os.version" value="10.13.6"/>
    <property name="RUN_DISPLAY_URL" value="http://localhost:8080/job/DataDrivenLiveProject/8/display/redirect"/>
    <property name="POM_VERSION" value="0.0.1-SNAPSHOT"/>
    <property name="sun.font.fontmanager" value="sun.font.CFontManager"/>
    <property name="RUN_ARTIFACTS_DISPLAY_URL" value="http://localhost:8080/job/DataDrivenLiveProject/8/display/redirect?page=artifacts"/>
    <property name="path.separator" value=":"/>
    <property name="java.vm.version" value="25.265-b01"/>
    <property name="JOB_DISPLAY_URL" value="http://localhost:8080/job/DataDrivenLiveProject/display/redirect"/>
    <property name="SHLVL" value="1"/>
    <property name="_" value="/usr/bin/java"/>
    <property name="java.awt.printerjob" value="sun.lwawt.macosx.CPrinterJob"/>
    <property name="JAVA_HOME" value="/Library/Java/JavaVirtualMachines/adoptopenjdk-8.jdk/Contents/Home/"/>
    <property name="sun.io.unicode.encoding" value="UnicodeBig"/>
    <property name="awt.toolkit" value="sun.lwawt.macosx.LWCToolkit"/>
    <property name="LOGNAME" value="ameeraj"/>
    <property name="socksNonProxyHosts" value="local|*.local|169.254/16|*.169.254/16"/>
    <property name="POM_PACKAGING" value="jar"/>
    <property name="ftp.nonProxyHosts" value="local|*.local|169.254/16|*.169.254/16"/>
    <property name="HOME" value="/Users/ameeraj"/>
    <property name="POM_GROUPID" value="com.ameera"/>
    <property name="user.home" value="/Users/ameeraj"/>
    <property name="BUILD_TAG" value="jenkins-DataDrivenLiveProject-8"/>
    <property name="JENKINS_SERVER_COOKIE" value="f1b8943cb2ccb26c"/>
    <property name="HUDSON_URL" value="http://localhost:8080/"/>
    <property name="XPC_SERVICE_NAME" value="0"/>
    <property name="java.specification.vendor" value="Oracle Corporation"/>
    <property name="CLASSPATH" value=""/>
    <property name="java.vendor.url" value="http://java.oracle.com/"/>
    <property name="java.library.path" value="/Users/ameeraj/Library/Java/Extensions:/Library/Java/Extensions:/Network/Library/Java/Extensions:/System/Library/Java/Extensions:/usr/lib/java:."/>
    <property name="Apple_PubSub_Socket_Render" value="/private/tmp/com.apple.launchd.2iYqDFdgB6/Render"/>
    <property name="gopherProxySet" value="false"/>
    <property name="java.vm.vendor" value="AdoptOpenJDK"/>
    <property name="java.runtime.name" value="OpenJDK Runtime Environment"/>
    <property name="maven.home" value="/Users/ameeraj/Selenium/apache-maven-3.6.3"/>
    <property name="java.class.path" value="/Users/ameeraj/.jenkins/plugins/maven-plugin/WEB-INF/lib/maven35-agent-1.13.jar:/Users/ameeraj/Selenium/apache-maven-3.6.3/boot/plexus-classworlds-2.6.0.jar:/Users/ameeraj/Selenium/apache-maven-3.6.3/conf/logging"/>
    <property name="sun.java.command" value="jenkins.maven3.agent.Maven35Main /Users/ameeraj/Selenium/apache-maven-3.6.3 /Users/ameeraj/.jenkins/war/WEB-INF/lib/remoting-4.3.jar /Users/ameeraj/.jenkins/plugins/maven-plugin/WEB-INF/lib/maven35-interceptor-1.13.jar /Users/ameeraj/.jenkins/plugins/maven-plugin/WEB-INF/lib/maven3-interceptor-commons-1.13.jar 55943"/>
    <property name="java.vm.specification.name" value="Java Virtual Machine Specification"/>
    <property name="PATH+JDK" value="/Library/Java/JavaVirtualMachines/adoptopenjdk-8.jdk/Contents/Home//bin"/>
    <property name="java.vm.specification.version" value="1.8"/>
    <property name="sun.os.patch.level" value="unknown"/>
    <property name="sun.cpu.endian" value="little"/>
    <property name="M2_HOME" value="/Users/ameeraj/Selenium/apache-maven-3.6.3"/>
    <property name="java.io.tmpdir" value="/var/folders/0y/6tcmhkqx7nnf3g8kz8p5cnzw0000gq/T/"/>
    <property name="HUDSON_HOME" value="/Users/ameeraj/.jenkins"/>
    <property name="PATH+MAVEN" value="/Users/ameeraj/Selenium/apache-maven-3.6.3/bin"/>
    <property name="BUILD_URL" value="http://localhost:8080/job/DataDrivenLiveProject/8/"/>
    <property name="java.vendor.url.bug" value="http://bugreport.sun.com/bugreport/"/>
    <property name="OLDPWD" value="/Users/ameeraj"/>
    <property name="SSH_AUTH_SOCK" value="/private/tmp/com.apple.launchd.EIwACFDEQ1/Listeners"/>
    <property name="LC_CTYPE" value="UTF-8"/>
    <property name="java.awt.graphicsenv" value="sun.awt.CGraphicsEnvironment"/>
    <property name="os.arch" value="x86_64"/>
    <property name="com.apple.java.jvmTask" value="CommandLine"/>
    <property name="java.ext.dirs" value="/Users/ameeraj/Library/Java/Extensions:/Library/Java/JavaVirtualMachines/adoptopenjdk-8.jdk/Contents/Home/jre/lib/ext:/Library/Java/Extensions:/Network/Library/Java/Extensions:/System/Library/Java/Extensions:/usr/lib/java"/>
    <property name="__CF_USER_TEXT_ENCODING" value="0x1F7:0x0:0x0"/>
    <property name="user.dir" value="/Users/ameeraj/eclipse-workspace/Selenium-Workspace/DDFramework"/>
    <property name="JOB_URL" value="http://localhost:8080/job/DataDrivenLiveProject/"/>
    <property name="browser" value="firefox"/>
    <property name="line.separator" value="
"/>
    <property name="JAVA_ARCH" value="x86_64"/>
    <property name="MAVEN_HOME" value="/Users/ameeraj/Selenium/apache-maven-3.6.3"/>
    <property name="java.vm.name" value="OpenJDK 64-Bit Server VM"/>
    <property name="BUILD_NUMBER" value="8"/>
    <property name="JENKINS_URL" value="http://localhost:8080/"/>
    <property name="TERM_PROGRAM_VERSION" value="404.1"/>
    <property name="CLOUDSDK_PYTHON" value="python3"/>
    <property name="file.encoding" value="UTF-8"/>
    <property name="maven3.interceptor" value="/Users/ameeraj/.jenkins/plugins/maven-plugin/WEB-INF/lib/maven35-interceptor-1.13.jar"/>
    <property name="WORKSPACE_TMP" value="/Users/ameeraj/.jenkins/workspace/DataDrivenLiveProject@tmp"/>
    <property name="WORKSPACE" value="/Users/ameeraj/.jenkins/workspace/DataDrivenLiveProject"/>
    <property name="maven3.interceptor.common" value="/Users/ameeraj/.jenkins/plugins/maven-plugin/WEB-INF/lib/maven3-interceptor-commons-1.13.jar"/>
    <property name="java.specification.version" value="1.8"/>
    <property name="JAVA_MAIN_CLASS_29084" value="Main"/>
    <property name="USER" value="ameeraj"/>
  </properties>
  <testcase classname="com.luna.testcases.BankManagerLoginTest" name="bankManagerLoginTest" time="5.394"/>
  <testcase classname="com.luna.testcases.AddCustomerTest" name="addCustomerTest" time="0.318"/>
  <testcase classname="com.luna.testcases.AddCustomerTest" name="addCustomerTest" time="0.334"/>
  <testcase classname="com.luna.testcases.AddCustomerTest" name="addCustomerTest" time="0.348"/>
  <testcase classname="com.luna.testcases.AddCustomerTest" name="addCustomerTest" time="0">
    <skipped/>
  </testcase>
  <testcase classname="com.luna.testcases.AddCustomerTest" name="addCustomerTest" time="0.332"/>
  <testcase classname="com.luna.testcases.AddCustomerTest" name="addCustomerTest" time="0">
    <skipped/>
  </testcase>
  <testcase classname="com.luna.testcases.AddCustomerTest" name="addCustomerTest" time="0.332"/>
  <testcase classname="com.luna.testcases.OpenAccountTest" name="openAccountTest" time="0.362">
    <skipped/>
  </testcase>
  <testcase classname="com.luna.testcases.OpenAccountTest" name="openAccountTest" time="0.363">
    <skipped/>
  </testcase>
  <testcase classname="com.luna.testcases.OpenAccountTest" name="openAccountTest" time="0.364">
    <skipped/>
  </testcase>
  <testcase classname="com.luna.testcases.OpenAccountTest" name="openAccountTest" time="0.364">
    <skipped/>
  </testcase>
  <testcase classname="com.luna.testcases.OpenAccountTest" name="openAccountTest" time="0.365">
    <skipped/>
  </testcase>
  <testcase classname="com.luna.testcases.OpenAccountTest" name="openAccountTest" time="0.365">
    <skipped/>
  </testcase>
  <testcase classname="com.luna.testcases.OpenAccountTest" name="openAccountTest" time="0.366">
    <skipped/>
  </testcase>
</testsuite>