<?xml version="1.0" encoding="UTF-8"?>
<!-- Generated by org.testng.reporters.JUnitReportReporter -->
<testsuite skipped="0" hostname="ameera-jayakumar-m" name="com.luna.testcases.LoginTest" tests="1" failures="0" timestamp="15 Sep 2020 13:41:14 GMT" time="5.073" errors="0">
  <testcase name="loginAsBankM" time="5.073" classname="com.luna.testcases.LoginTest"/>
</testsuite> <!-- com.luna.testcases.LoginTest -->
