<?xml version="1.0" encoding="UTF-8"?>
<!-- Generated by org.testng.reporters.JUnitReportReporter -->
<testsuite skipped="2" hostname="ameera-jayakumar-m" name="com.luna.testcases.AddCustomerTest" tests="7" failures="0" timestamp="02 Oct 2020 12:40:02 GMT" time="1.667" errors="0">
  <testcase name="addCustomerTest" time="0.001" classname="com.luna.testcases.AddCustomerTest">
    <skipped/>
  </testcase> <!-- addCustomerTest -->
  <testcase name="addCustomerTest" time="0.334" classname="com.luna.testcases.AddCustomerTest"/>
  <testcase name="addCustomerTest" time="0.001" classname="com.luna.testcases.AddCustomerTest">
    <skipped/>
  </testcase> <!-- addCustomerTest -->
  <testcase name="addCustomerTest" time="0.319" classname="com.luna.testcases.AddCustomerTest"/>
  <testcase name="addCustomerTest" time="0.333" classname="com.luna.testcases.AddCustomerTest"/>
  <testcase name="addCustomerTest" time="0.331" classname="com.luna.testcases.AddCustomerTest"/>
  <testcase name="addCustomerTest" time="0.348" classname="com.luna.testcases.AddCustomerTest"/>
</testsuite> <!-- com.luna.testcases.AddCustomerTest -->
