<?xml version="1.0" encoding="UTF-8"?>
<!-- Generated by org.testng.reporters.JUnitReportReporter -->
<testsuite skipped="0" hostname="ameera-jayakumar-m" name="com.luna.testcases.BankManagerLoginTest" tests="1" failures="0" timestamp="02 Oct 2020 12:40:02 GMT" time="5.405" errors="0">
  <testcase name="bankManagerLoginTest" time="5.405" classname="com.luna.testcases.BankManagerLoginTest"/>
</testsuite> <!-- com.luna.testcases.BankManagerLoginTest -->
